[2025-02-13T19:31:08.886+0000] {taskinstance.py:1159} INFO - Dependencies all met for dep_context=non-requeueable deps ti=<TaskInstance: download_dataset.transform_dataset manual__2025-02-13T19:31:04.717547+00:00 [queued]>
[2025-02-13T19:31:08.895+0000] {taskinstance.py:1159} INFO - Dependencies all met for dep_context=requeueable deps ti=<TaskInstance: download_dataset.transform_dataset manual__2025-02-13T19:31:04.717547+00:00 [queued]>
[2025-02-13T19:31:08.895+0000] {taskinstance.py:1361} INFO - Starting attempt 1 of 2
[2025-02-13T19:31:08.907+0000] {taskinstance.py:1382} INFO - Executing <Task(PythonVirtualenvOperator): transform_dataset> on 2025-02-13 19:31:04.717547+00:00
[2025-02-13T19:31:08.913+0000] {standard_task_runner.py:57} INFO - Started process 1556 to run task
[2025-02-13T19:31:08.917+0000] {standard_task_runner.py:84} INFO - Running: ['***', 'tasks', 'run', 'download_dataset', 'transform_dataset', 'manual__2025-02-13T19:31:04.717547+00:00', '--job-id', '55', '--raw', '--subdir', 'DAGS_FOLDER/download_dataset_dag.py', '--cfg-path', '/tmp/tmp_2higs93']
[2025-02-13T19:31:08.918+0000] {standard_task_runner.py:85} INFO - Job 55: Subtask transform_dataset
[2025-02-13T19:31:08.970+0000] {task_command.py:416} INFO - Running <TaskInstance: download_dataset.transform_dataset manual__2025-02-13T19:31:04.717547+00:00 [running]> on host f09fff4ef036
[2025-02-13T19:31:09.047+0000] {taskinstance.py:1662} INFO - Exporting env vars: AIRFLOW_CTX_DAG_OWNER='***' AIRFLOW_CTX_DAG_ID='download_dataset' AIRFLOW_CTX_TASK_ID='transform_dataset' AIRFLOW_CTX_EXECUTION_DATE='2025-02-13T19:31:04.717547+00:00' AIRFLOW_CTX_TRY_NUMBER='1' AIRFLOW_CTX_DAG_RUN_ID='manual__2025-02-13T19:31:04.717547+00:00'
[2025-02-13T19:31:09.048+0000] {process_utils.py:182} INFO - Executing cmd: /usr/local/bin/python -m virtualenv /tmp/venvx_uaz3s7
[2025-02-13T19:31:09.058+0000] {process_utils.py:186} INFO - Output:
[2025-02-13T19:31:10.188+0000] {process_utils.py:190} INFO - created virtual environment CPython3.8.18.final.0-64 in 280ms
[2025-02-13T19:31:10.188+0000] {process_utils.py:190} INFO -   creator CPython3Posix(dest=/tmp/venvx_uaz3s7, clear=False, no_vcs_ignore=False, global=False)
[2025-02-13T19:31:10.189+0000] {process_utils.py:190} INFO -   seeder FromAppData(download=False, pip=bundle, setuptools=bundle, wheel=bundle, via=copy, app_data_dir=/home/***/.local/share/virtualenv)
[2025-02-13T19:31:10.189+0000] {process_utils.py:190} INFO -     added seed packages: pip==23.2.1, setuptools==68.2.0, wheel==0.41.2
[2025-02-13T19:31:10.189+0000] {process_utils.py:190} INFO -   activators BashActivator,CShellActivator,FishActivator,NushellActivator,PowerShellActivator,PythonActivator
[2025-02-13T19:31:10.235+0000] {process_utils.py:182} INFO - Executing cmd: /tmp/venvx_uaz3s7/bin/pip install -r /tmp/venvx_uaz3s7/requirements.txt
[2025-02-13T19:31:10.245+0000] {process_utils.py:186} INFO - Output:
[2025-02-13T19:31:12.150+0000] {process_utils.py:190} INFO - Collecting pandas (from -r /tmp/venvx_uaz3s7/requirements.txt (line 1))
[2025-02-13T19:31:12.150+0000] {process_utils.py:190} INFO -   Obtaining dependency information for pandas from https://files.pythonhosted.org/packages/f8/7f/5b047effafbdd34e52c9e2d7e44f729a0655efafb22198c45cf692cdc157/pandas-2.0.3-cp38-cp38-manylinux_2_17_x86_64.manylinux2014_x86_64.whl.metadata
[2025-02-13T19:31:12.153+0000] {process_utils.py:190} INFO -   Using cached pandas-2.0.3-cp38-cp38-manylinux_2_17_x86_64.manylinux2014_x86_64.whl.metadata (18 kB)
[2025-02-13T19:31:12.270+0000] {process_utils.py:190} INFO - Collecting python-dateutil>=2.8.2 (from pandas->-r /tmp/venvx_uaz3s7/requirements.txt (line 1))
[2025-02-13T19:31:12.270+0000] {process_utils.py:190} INFO -   Obtaining dependency information for python-dateutil>=2.8.2 from https://files.pythonhosted.org/packages/ec/57/56b9bcc3c9c6a792fcbaf139543cee77261f3651ca9da0c93f5c1221264b/python_dateutil-2.9.0.post0-py2.py3-none-any.whl.metadata
[2025-02-13T19:31:12.272+0000] {process_utils.py:190} INFO -   Using cached python_dateutil-2.9.0.post0-py2.py3-none-any.whl.metadata (8.4 kB)
[2025-02-13T19:31:12.353+0000] {process_utils.py:190} INFO - Collecting pytz>=2020.1 (from pandas->-r /tmp/venvx_uaz3s7/requirements.txt (line 1))
[2025-02-13T19:31:12.353+0000] {process_utils.py:190} INFO -   Obtaining dependency information for pytz>=2020.1 from https://files.pythonhosted.org/packages/eb/38/ac33370d784287baa1c3d538978b5e2ea064d4c1b93ffbd12826c190dd10/pytz-2025.1-py2.py3-none-any.whl.metadata
[2025-02-13T19:31:12.356+0000] {process_utils.py:190} INFO -   Using cached pytz-2025.1-py2.py3-none-any.whl.metadata (22 kB)
[2025-02-13T19:31:12.385+0000] {process_utils.py:190} INFO - Collecting tzdata>=2022.1 (from pandas->-r /tmp/venvx_uaz3s7/requirements.txt (line 1))
[2025-02-13T19:31:12.386+0000] {process_utils.py:190} INFO -   Obtaining dependency information for tzdata>=2022.1 from https://files.pythonhosted.org/packages/0f/dd/84f10e23edd882c6f968c21c2434fe67bd4a528967067515feca9e611e5e/tzdata-2025.1-py2.py3-none-any.whl.metadata
[2025-02-13T19:31:12.388+0000] {process_utils.py:190} INFO -   Using cached tzdata-2025.1-py2.py3-none-any.whl.metadata (1.4 kB)
[2025-02-13T19:31:12.894+0000] {process_utils.py:190} INFO - Collecting numpy>=1.20.3 (from pandas->-r /tmp/venvx_uaz3s7/requirements.txt (line 1))
[2025-02-13T19:31:12.894+0000] {process_utils.py:190} INFO -   Obtaining dependency information for numpy>=1.20.3 from https://files.pythonhosted.org/packages/98/5d/5738903efe0ecb73e51eb44feafba32bdba2081263d40c5043568ff60faf/numpy-1.24.4-cp38-cp38-manylinux_2_17_x86_64.manylinux2014_x86_64.whl.metadata
[2025-02-13T19:31:12.897+0000] {process_utils.py:190} INFO -   Using cached numpy-1.24.4-cp38-cp38-manylinux_2_17_x86_64.manylinux2014_x86_64.whl.metadata (5.6 kB)
[2025-02-13T19:31:12.929+0000] {process_utils.py:190} INFO - Collecting six>=1.5 (from python-dateutil>=2.8.2->pandas->-r /tmp/venvx_uaz3s7/requirements.txt (line 1))
[2025-02-13T19:31:12.929+0000] {process_utils.py:190} INFO -   Obtaining dependency information for six>=1.5 from https://files.pythonhosted.org/packages/b7/ce/149a00dd41f10bc29e5921b496af8b574d8413afcd5e30dfa0ed46c2cc5e/six-1.17.0-py2.py3-none-any.whl.metadata
[2025-02-13T19:31:12.931+0000] {process_utils.py:190} INFO -   Using cached six-1.17.0-py2.py3-none-any.whl.metadata (1.7 kB)
[2025-02-13T19:31:12.981+0000] {process_utils.py:190} INFO - Using cached pandas-2.0.3-cp38-cp38-manylinux_2_17_x86_64.manylinux2014_x86_64.whl (12.4 MB)
[2025-02-13T19:31:13.060+0000] {process_utils.py:190} INFO - Using cached numpy-1.24.4-cp38-cp38-manylinux_2_17_x86_64.manylinux2014_x86_64.whl (17.3 MB)
[2025-02-13T19:31:13.088+0000] {process_utils.py:190} INFO - Using cached python_dateutil-2.9.0.post0-py2.py3-none-any.whl (229 kB)
[2025-02-13T19:31:13.091+0000] {process_utils.py:190} INFO - Using cached pytz-2025.1-py2.py3-none-any.whl (507 kB)
[2025-02-13T19:31:13.095+0000] {process_utils.py:190} INFO - Using cached tzdata-2025.1-py2.py3-none-any.whl (346 kB)
[2025-02-13T19:31:13.097+0000] {process_utils.py:190} INFO - Using cached six-1.17.0-py2.py3-none-any.whl (11 kB)
[2025-02-13T19:31:13.417+0000] {process_utils.py:190} INFO - Installing collected packages: pytz, tzdata, six, numpy, python-dateutil, pandas
[2025-02-13T19:31:20.149+0000] {process_utils.py:190} INFO - Successfully installed numpy-1.24.4 pandas-2.0.3 python-dateutil-2.9.0.post0 pytz-2025.1 six-1.17.0 tzdata-2025.1
[2025-02-13T19:31:20.264+0000] {process_utils.py:190} INFO - 
[2025-02-13T19:31:20.264+0000] {process_utils.py:190} INFO - [notice] A new release of pip is available: 23.2.1 -> 25.0.1
[2025-02-13T19:31:20.264+0000] {process_utils.py:190} INFO - [notice] To update, run: python -m pip install --upgrade pip
[2025-02-13T19:31:20.432+0000] {process_utils.py:182} INFO - Executing cmd: /tmp/venvx_uaz3s7/bin/python /tmp/venvx_uaz3s7/script.py /tmp/venvx_uaz3s7/script.in /tmp/venvx_uaz3s7/script.out /tmp/venvx_uaz3s7/string_args.txt /tmp/venvx_uaz3s7/termination.log
[2025-02-13T19:31:20.443+0000] {process_utils.py:186} INFO - Output:
[2025-02-13T19:31:21.477+0000] {python.py:194} INFO - Done. Returned value was: None
[2025-02-13T19:31:21.491+0000] {taskinstance.py:1400} INFO - Marking task as SUCCESS. dag_id=download_dataset, task_id=transform_dataset, execution_date=20250213T193104, start_date=20250213T193108, end_date=20250213T193121
[2025-02-13T19:31:21.525+0000] {local_task_job_runner.py:228} INFO - Task exited with return code 0
[2025-02-13T19:31:21.551+0000] {taskinstance.py:2778} INFO - 1 downstream tasks scheduled from follow-on schedule check
