[2025-02-13T22:21:19.997+0000] {taskinstance.py:1159} INFO - Dependencies all met for dep_context=non-requeueable deps ti=<TaskInstance: download_dataset.commit_push_dvc manual__2025-02-13T22:20:49.729976+00:00 [queued]>
[2025-02-13T22:21:20.007+0000] {taskinstance.py:1159} INFO - Dependencies all met for dep_context=requeueable deps ti=<TaskInstance: download_dataset.commit_push_dvc manual__2025-02-13T22:20:49.729976+00:00 [queued]>
[2025-02-13T22:21:20.007+0000] {taskinstance.py:1361} INFO - Starting attempt 1 of 2
[2025-02-13T22:21:20.021+0000] {taskinstance.py:1382} INFO - Executing <Task(BashOperator): commit_push_dvc> on 2025-02-13 22:20:49.729976+00:00
[2025-02-13T22:21:20.027+0000] {standard_task_runner.py:57} INFO - Started process 615 to run task
[2025-02-13T22:21:20.030+0000] {standard_task_runner.py:84} INFO - Running: ['***', 'tasks', 'run', 'download_dataset', 'commit_push_dvc', 'manual__2025-02-13T22:20:49.729976+00:00', '--job-id', '77', '--raw', '--subdir', 'DAGS_FOLDER/download_dataset_dag.py', '--cfg-path', '/tmp/tmpwosopltq']
[2025-02-13T22:21:20.031+0000] {standard_task_runner.py:85} INFO - Job 77: Subtask commit_push_dvc
[2025-02-13T22:21:20.085+0000] {task_command.py:416} INFO - Running <TaskInstance: download_dataset.commit_push_dvc manual__2025-02-13T22:20:49.729976+00:00 [running]> on host f09fff4ef036
[2025-02-13T22:21:20.163+0000] {taskinstance.py:1662} INFO - Exporting env vars: AIRFLOW_CTX_DAG_OWNER='***' AIRFLOW_CTX_DAG_ID='download_dataset' AIRFLOW_CTX_TASK_ID='commit_push_dvc' AIRFLOW_CTX_EXECUTION_DATE='2025-02-13T22:20:49.729976+00:00' AIRFLOW_CTX_TRY_NUMBER='1' AIRFLOW_CTX_DAG_RUN_ID='manual__2025-02-13T22:20:49.729976+00:00'
[2025-02-13T22:21:20.164+0000] {subprocess.py:63} INFO - Tmp dir root location: /tmp
[2025-02-13T22:21:20.164+0000] {subprocess.py:75} INFO - Running command: ['/bin/bash', '-c', '\n    cd /opt/***/$DATA_REPO_NAME\n\n    # Ensure DVC is initialized\n    if [ ! -d .dvc ]; then\n        dvc init\n    fi\n\n    # Ensure DVC remote is set only if it doesn\'t exist\n    if ! dvc remote list | grep -q "origin"; then\n        dvc remote add origin $S3_URL\n    fi\n\n    # Configure Git User\n    git config --global user.email "bencappello@gmail.com"\n    git config --global user.name "Ben Cappello"\n\n    # Add files to DVC tracking\n    dvc add Telco-Customer-Churn-Transformed.csv\n    dvc add Telco-Customer-Churn-Transformed.parquet\n\n    # Ensure Git tracks DVC metadata files\n    git add .gitignore\n    if [ -f Telco-Customer-Churn-Transformed.csv.dvc ]; then git add Telco-Customer-Churn-Transformed.csv.dvc; fi\n    if [ -f Telco-Customer-Churn-Transformed.parquet.dvc ]; then git add Telco-Customer-Churn-Transformed.parquet.dvc; fi\n    if [ -f dvc.yaml ]; then git add dvc.yaml; fi\n    if [ -f dvc.lock ]; then git add dvc.lock; fi\n\n    # Commit changes to Git\n    git commit -m "Add transformed dataset and Parquet file" || echo "No changes to commit"\n\n    # Ensure correct Git branch and push\n    git branch -M main\n    git push origin main\n\n    # Push dataset files to DVC remote storage (S3)\n    dvc push\n    ']
[2025-02-13T22:21:20.175+0000] {subprocess.py:86} INFO - Output:
[2025-02-13T22:21:21.156+0000] {subprocess.py:93} INFO - Initialized DVC repository.
[2025-02-13T22:21:21.157+0000] {subprocess.py:93} INFO - 
[2025-02-13T22:21:21.157+0000] {subprocess.py:93} INFO - You can now commit the changes to git.
[2025-02-13T22:21:21.157+0000] {subprocess.py:93} INFO - 
[2025-02-13T22:21:21.158+0000] {subprocess.py:93} INFO - +---------------------------------------------------------------------+
[2025-02-13T22:21:21.158+0000] {subprocess.py:93} INFO - |                                                                     |
[2025-02-13T22:21:21.158+0000] {subprocess.py:93} INFO - |        DVC has enabled anonymous aggregate usage analytics.         |
[2025-02-13T22:21:21.158+0000] {subprocess.py:93} INFO - |     Read the analytics documentation (and how to opt-out) here:     |
[2025-02-13T22:21:21.158+0000] {subprocess.py:93} INFO - |             <https://dvc.org/doc/user-guide/analytics>              |
[2025-02-13T22:21:21.158+0000] {subprocess.py:93} INFO - |                                                                     |
[2025-02-13T22:21:21.158+0000] {subprocess.py:93} INFO - +---------------------------------------------------------------------+
[2025-02-13T22:21:21.158+0000] {subprocess.py:93} INFO - 
[2025-02-13T22:21:21.158+0000] {subprocess.py:93} INFO - What's next?
[2025-02-13T22:21:21.158+0000] {subprocess.py:93} INFO - ------------
[2025-02-13T22:21:21.159+0000] {subprocess.py:93} INFO - - Check out the documentation: <https://dvc.org/doc>
[2025-02-13T22:21:21.159+0000] {subprocess.py:93} INFO - - Get help and share ideas: <https://dvc.org/chat>
[2025-02-13T22:21:21.159+0000] {subprocess.py:93} INFO - - Star us on GitHub: <https://github.com/iterative/dvc>
[2025-02-13T22:21:24.306+0000] {subprocess.py:93} INFO - 
[2025-02-13T22:21:24.306+0000] {subprocess.py:93} INFO - To track the changes with git, run:
[2025-02-13T22:21:24.306+0000] {subprocess.py:93} INFO - 
[2025-02-13T22:21:24.306+0000] {subprocess.py:93} INFO - 	git add Telco-Customer-Churn-Transformed.csv.dvc .gitignore
[2025-02-13T22:21:24.306+0000] {subprocess.py:93} INFO - 
[2025-02-13T22:21:24.306+0000] {subprocess.py:93} INFO - To enable auto staging, run:
[2025-02-13T22:21:24.306+0000] {subprocess.py:93} INFO - 
[2025-02-13T22:21:24.307+0000] {subprocess.py:93} INFO - 	dvc config core.autostage true
[2025-02-13T22:21:25.608+0000] {subprocess.py:93} INFO - 
[2025-02-13T22:21:25.608+0000] {subprocess.py:93} INFO - To track the changes with git, run:
[2025-02-13T22:21:25.608+0000] {subprocess.py:93} INFO - 
[2025-02-13T22:21:25.608+0000] {subprocess.py:93} INFO - 	git add Telco-Customer-Churn-Transformed.parquet.dvc .gitignore
[2025-02-13T22:21:25.608+0000] {subprocess.py:93} INFO - 
[2025-02-13T22:21:25.608+0000] {subprocess.py:93} INFO - To enable auto staging, run:
[2025-02-13T22:21:25.608+0000] {subprocess.py:93} INFO - 
[2025-02-13T22:21:25.608+0000] {subprocess.py:93} INFO - 	dvc config core.autostage true
[2025-02-13T22:21:25.855+0000] {subprocess.py:93} INFO - [main (root-commit) 949001e] Add transformed dataset and Parquet file
[2025-02-13T22:21:25.855+0000] {subprocess.py:93} INFO -  6 files changed, 18 insertions(+)
[2025-02-13T22:21:25.856+0000] {subprocess.py:93} INFO -  create mode 100644 .dvc/.gitignore
[2025-02-13T22:21:25.856+0000] {subprocess.py:93} INFO -  create mode 100644 .dvc/config
[2025-02-13T22:21:25.856+0000] {subprocess.py:93} INFO -  create mode 100644 .dvcignore
[2025-02-13T22:21:25.856+0000] {subprocess.py:93} INFO -  create mode 100644 .gitignore
[2025-02-13T22:21:25.856+0000] {subprocess.py:93} INFO -  create mode 100644 Telco-Customer-Churn-Transformed.csv.dvc
[2025-02-13T22:21:25.856+0000] {subprocess.py:93} INFO -  create mode 100644 Telco-Customer-Churn-Transformed.parquet.dvc
[2025-02-13T22:21:25.898+0000] {subprocess.py:93} INFO - Warning: Permanently added the ECDSA host key for IP address '140.82.113.3' to the list of known hosts.
[2025-02-13T22:21:26.292+0000] {subprocess.py:93} INFO - To github.com:bencappello/basic-pipeline.git
[2025-02-13T22:21:26.292+0000] {subprocess.py:93} INFO -  * [new branch]      main -> main
[2025-02-13T22:21:27.231+0000] {subprocess.py:93} INFO - ERROR: failed to push data to the cloud - config file error: no remote specified in /opt/***/basic-pipeline. Setup default remote with
[2025-02-13T22:21:27.232+0000] {subprocess.py:93} INFO -     dvc remote default <remote name>
[2025-02-13T22:21:27.232+0000] {subprocess.py:93} INFO - or use:
[2025-02-13T22:21:27.232+0000] {subprocess.py:93} INFO -     dvc <command> -r <remote name>
[2025-02-13T22:21:27.374+0000] {subprocess.py:97} INFO - Command exited with return code 1
[2025-02-13T22:21:27.387+0000] {taskinstance.py:1937} ERROR - Task failed with exception
Traceback (most recent call last):
  File "/home/airflow/.local/lib/python3.8/site-packages/airflow/operators/bash.py", line 210, in execute
    raise AirflowException(
airflow.exceptions.AirflowException: Bash command failed. The command returned a non-zero exit code 1.
[2025-02-13T22:21:27.391+0000] {taskinstance.py:1400} INFO - Marking task as UP_FOR_RETRY. dag_id=download_dataset, task_id=commit_push_dvc, execution_date=20250213T222049, start_date=20250213T222119, end_date=20250213T222127
[2025-02-13T22:21:27.409+0000] {standard_task_runner.py:104} ERROR - Failed to execute job 77 for task commit_push_dvc (Bash command failed. The command returned a non-zero exit code 1.; 615)
[2025-02-13T22:21:27.434+0000] {local_task_job_runner.py:228} INFO - Task exited with return code 1
[2025-02-13T22:21:27.448+0000] {taskinstance.py:2778} INFO - 0 downstream tasks scheduled from follow-on schedule check
