[2025-02-13T23:09:12.135+0000] {taskinstance.py:1159} INFO - Dependencies all met for dep_context=non-requeueable deps ti=<TaskInstance: download_dataset.convert_to_parquet manual__2025-02-13T23:08:54.186487+00:00 [queued]>
[2025-02-13T23:09:12.144+0000] {taskinstance.py:1159} INFO - Dependencies all met for dep_context=requeueable deps ti=<TaskInstance: download_dataset.convert_to_parquet manual__2025-02-13T23:08:54.186487+00:00 [queued]>
[2025-02-13T23:09:12.145+0000] {taskinstance.py:1361} INFO - Starting attempt 1 of 2
[2025-02-13T23:09:12.158+0000] {taskinstance.py:1382} INFO - Executing <Task(PythonVirtualenvOperator): convert_to_parquet> on 2025-02-13 23:08:54.186487+00:00
[2025-02-13T23:09:12.163+0000] {standard_task_runner.py:57} INFO - Started process 781 to run task
[2025-02-13T23:09:12.167+0000] {standard_task_runner.py:84} INFO - Running: ['***', 'tasks', 'run', 'download_dataset', 'convert_to_parquet', 'manual__2025-02-13T23:08:54.186487+00:00', '--job-id', '92', '--raw', '--subdir', 'DAGS_FOLDER/download_dataset_dag.py', '--cfg-path', '/tmp/tmp88p9zje1']
[2025-02-13T23:09:12.168+0000] {standard_task_runner.py:85} INFO - Job 92: Subtask convert_to_parquet
[2025-02-13T23:09:12.218+0000] {task_command.py:416} INFO - Running <TaskInstance: download_dataset.convert_to_parquet manual__2025-02-13T23:08:54.186487+00:00 [running]> on host 4f1c81a800b8
[2025-02-13T23:09:12.302+0000] {taskinstance.py:1662} INFO - Exporting env vars: AIRFLOW_CTX_DAG_OWNER='***' AIRFLOW_CTX_DAG_ID='download_dataset' AIRFLOW_CTX_TASK_ID='convert_to_parquet' AIRFLOW_CTX_EXECUTION_DATE='2025-02-13T23:08:54.186487+00:00' AIRFLOW_CTX_TRY_NUMBER='1' AIRFLOW_CTX_DAG_RUN_ID='manual__2025-02-13T23:08:54.186487+00:00'
[2025-02-13T23:09:12.304+0000] {process_utils.py:182} INFO - Executing cmd: /usr/local/bin/python -m virtualenv /tmp/venvi_s27ynd
[2025-02-13T23:09:12.313+0000] {process_utils.py:186} INFO - Output:
[2025-02-13T23:09:13.410+0000] {process_utils.py:190} INFO - created virtual environment CPython3.8.18.final.0-64 in 251ms
[2025-02-13T23:09:13.411+0000] {process_utils.py:190} INFO -   creator CPython3Posix(dest=/tmp/venvi_s27ynd, clear=False, no_vcs_ignore=False, global=False)
[2025-02-13T23:09:13.411+0000] {process_utils.py:190} INFO -   seeder FromAppData(download=False, pip=bundle, setuptools=bundle, wheel=bundle, via=copy, app_data_dir=/home/***/.local/share/virtualenv)
[2025-02-13T23:09:13.411+0000] {process_utils.py:190} INFO -     added seed packages: pip==23.2.1, setuptools==68.2.0, wheel==0.41.2
[2025-02-13T23:09:13.411+0000] {process_utils.py:190} INFO -   activators BashActivator,CShellActivator,FishActivator,NushellActivator,PowerShellActivator,PythonActivator
[2025-02-13T23:09:13.451+0000] {process_utils.py:182} INFO - Executing cmd: /tmp/venvi_s27ynd/bin/pip install -r /tmp/venvi_s27ynd/requirements.txt
[2025-02-13T23:09:13.460+0000] {process_utils.py:186} INFO - Output:
[2025-02-13T23:09:15.327+0000] {process_utils.py:190} INFO - Collecting pandas (from -r /tmp/venvi_s27ynd/requirements.txt (line 1))
[2025-02-13T23:09:15.328+0000] {process_utils.py:190} INFO -   Obtaining dependency information for pandas from https://files.pythonhosted.org/packages/f8/7f/5b047effafbdd34e52c9e2d7e44f729a0655efafb22198c45cf692cdc157/pandas-2.0.3-cp38-cp38-manylinux_2_17_x86_64.manylinux2014_x86_64.whl.metadata
[2025-02-13T23:09:15.330+0000] {process_utils.py:190} INFO -   Using cached pandas-2.0.3-cp38-cp38-manylinux_2_17_x86_64.manylinux2014_x86_64.whl.metadata (18 kB)
[2025-02-13T23:09:15.537+0000] {process_utils.py:190} INFO - Collecting pyarrow (from -r /tmp/venvi_s27ynd/requirements.txt (line 2))
[2025-02-13T23:09:15.538+0000] {process_utils.py:190} INFO -   Obtaining dependency information for pyarrow from https://files.pythonhosted.org/packages/e6/c1/4c6bcdf7a820034aa91a8b4d25fef38809be79b42ca7aaa16d4680b0bbac/pyarrow-17.0.0-cp38-cp38-manylinux_2_28_x86_64.whl.metadata
[2025-02-13T23:09:15.540+0000] {process_utils.py:190} INFO -   Using cached pyarrow-17.0.0-cp38-cp38-manylinux_2_28_x86_64.whl.metadata (3.3 kB)
[2025-02-13T23:09:15.658+0000] {process_utils.py:190} INFO - Collecting python-dateutil>=2.8.2 (from pandas->-r /tmp/venvi_s27ynd/requirements.txt (line 1))
[2025-02-13T23:09:15.658+0000] {process_utils.py:190} INFO -   Obtaining dependency information for python-dateutil>=2.8.2 from https://files.pythonhosted.org/packages/ec/57/56b9bcc3c9c6a792fcbaf139543cee77261f3651ca9da0c93f5c1221264b/python_dateutil-2.9.0.post0-py2.py3-none-any.whl.metadata
[2025-02-13T23:09:15.660+0000] {process_utils.py:190} INFO -   Using cached python_dateutil-2.9.0.post0-py2.py3-none-any.whl.metadata (8.4 kB)
[2025-02-13T23:09:15.745+0000] {process_utils.py:190} INFO - Collecting pytz>=2020.1 (from pandas->-r /tmp/venvi_s27ynd/requirements.txt (line 1))
[2025-02-13T23:09:15.745+0000] {process_utils.py:190} INFO -   Obtaining dependency information for pytz>=2020.1 from https://files.pythonhosted.org/packages/eb/38/ac33370d784287baa1c3d538978b5e2ea064d4c1b93ffbd12826c190dd10/pytz-2025.1-py2.py3-none-any.whl.metadata
[2025-02-13T23:09:15.747+0000] {process_utils.py:190} INFO -   Using cached pytz-2025.1-py2.py3-none-any.whl.metadata (22 kB)
[2025-02-13T23:09:15.780+0000] {process_utils.py:190} INFO - Collecting tzdata>=2022.1 (from pandas->-r /tmp/venvi_s27ynd/requirements.txt (line 1))
[2025-02-13T23:09:15.780+0000] {process_utils.py:190} INFO -   Obtaining dependency information for tzdata>=2022.1 from https://files.pythonhosted.org/packages/0f/dd/84f10e23edd882c6f968c21c2434fe67bd4a528967067515feca9e611e5e/tzdata-2025.1-py2.py3-none-any.whl.metadata
[2025-02-13T23:09:15.782+0000] {process_utils.py:190} INFO -   Using cached tzdata-2025.1-py2.py3-none-any.whl.metadata (1.4 kB)
[2025-02-13T23:09:16.285+0000] {process_utils.py:190} INFO - Collecting numpy>=1.20.3 (from pandas->-r /tmp/venvi_s27ynd/requirements.txt (line 1))
[2025-02-13T23:09:16.285+0000] {process_utils.py:190} INFO -   Obtaining dependency information for numpy>=1.20.3 from https://files.pythonhosted.org/packages/98/5d/5738903efe0ecb73e51eb44feafba32bdba2081263d40c5043568ff60faf/numpy-1.24.4-cp38-cp38-manylinux_2_17_x86_64.manylinux2014_x86_64.whl.metadata
[2025-02-13T23:09:16.287+0000] {process_utils.py:190} INFO -   Using cached numpy-1.24.4-cp38-cp38-manylinux_2_17_x86_64.manylinux2014_x86_64.whl.metadata (5.6 kB)
[2025-02-13T23:09:16.333+0000] {process_utils.py:190} INFO - Collecting six>=1.5 (from python-dateutil>=2.8.2->pandas->-r /tmp/venvi_s27ynd/requirements.txt (line 1))
[2025-02-13T23:09:16.333+0000] {process_utils.py:190} INFO -   Obtaining dependency information for six>=1.5 from https://files.pythonhosted.org/packages/b7/ce/149a00dd41f10bc29e5921b496af8b574d8413afcd5e30dfa0ed46c2cc5e/six-1.17.0-py2.py3-none-any.whl.metadata
[2025-02-13T23:09:16.336+0000] {process_utils.py:190} INFO -   Using cached six-1.17.0-py2.py3-none-any.whl.metadata (1.7 kB)
[2025-02-13T23:09:16.388+0000] {process_utils.py:190} INFO - Using cached pandas-2.0.3-cp38-cp38-manylinux_2_17_x86_64.manylinux2014_x86_64.whl (12.4 MB)
[2025-02-13T23:09:16.541+0000] {process_utils.py:190} INFO - Using cached pyarrow-17.0.0-cp38-cp38-manylinux_2_28_x86_64.whl (40.0 MB)
[2025-02-13T23:09:16.659+0000] {process_utils.py:190} INFO - Using cached numpy-1.24.4-cp38-cp38-manylinux_2_17_x86_64.manylinux2014_x86_64.whl (17.3 MB)
[2025-02-13T23:09:16.688+0000] {process_utils.py:190} INFO - Using cached python_dateutil-2.9.0.post0-py2.py3-none-any.whl (229 kB)
[2025-02-13T23:09:16.690+0000] {process_utils.py:190} INFO - Using cached pytz-2025.1-py2.py3-none-any.whl (507 kB)
[2025-02-13T23:09:16.694+0000] {process_utils.py:190} INFO - Using cached tzdata-2025.1-py2.py3-none-any.whl (346 kB)
[2025-02-13T23:09:16.697+0000] {process_utils.py:190} INFO - Using cached six-1.17.0-py2.py3-none-any.whl (11 kB)
[2025-02-13T23:09:17.181+0000] {process_utils.py:190} INFO - Installing collected packages: pytz, tzdata, six, numpy, python-dateutil, pyarrow, pandas
[2025-02-13T23:09:25.148+0000] {process_utils.py:190} INFO - Successfully installed numpy-1.24.4 pandas-2.0.3 pyarrow-17.0.0 python-dateutil-2.9.0.post0 pytz-2025.1 six-1.17.0 tzdata-2025.1
[2025-02-13T23:09:25.243+0000] {process_utils.py:190} INFO - 
[2025-02-13T23:09:25.244+0000] {process_utils.py:190} INFO - [notice] A new release of pip is available: 23.2.1 -> 25.0.1
[2025-02-13T23:09:25.244+0000] {process_utils.py:190} INFO - [notice] To update, run: python -m pip install --upgrade pip
[2025-02-13T23:09:25.410+0000] {process_utils.py:182} INFO - Executing cmd: /tmp/venvi_s27ynd/bin/python /tmp/venvi_s27ynd/script.py /tmp/venvi_s27ynd/script.in /tmp/venvi_s27ynd/script.out /tmp/venvi_s27ynd/string_args.txt /tmp/venvi_s27ynd/termination.log
[2025-02-13T23:09:25.420+0000] {process_utils.py:186} INFO - Output:
[2025-02-13T23:09:26.521+0000] {python.py:194} INFO - Done. Returned value was: None
[2025-02-13T23:09:26.536+0000] {taskinstance.py:1400} INFO - Marking task as SUCCESS. dag_id=download_dataset, task_id=convert_to_parquet, execution_date=20250213T230854, start_date=20250213T230912, end_date=20250213T230926
[2025-02-13T23:09:26.587+0000] {local_task_job_runner.py:228} INFO - Task exited with return code 0
[2025-02-13T23:09:26.606+0000] {taskinstance.py:2778} INFO - 1 downstream tasks scheduled from follow-on schedule check
