[2025-02-13T18:39:06.620+0000] {taskinstance.py:1159} INFO - Dependencies all met for dep_context=non-requeueable deps ti=<TaskInstance: download_dataset.transform_dataset manual__2025-02-13T18:39:02.534520+00:00 [queued]>
[2025-02-13T18:39:06.629+0000] {taskinstance.py:1159} INFO - Dependencies all met for dep_context=requeueable deps ti=<TaskInstance: download_dataset.transform_dataset manual__2025-02-13T18:39:02.534520+00:00 [queued]>
[2025-02-13T18:39:06.629+0000] {taskinstance.py:1361} INFO - Starting attempt 1 of 2
[2025-02-13T18:39:06.641+0000] {taskinstance.py:1382} INFO - Executing <Task(PythonVirtualenvOperator): transform_dataset> on 2025-02-13 18:39:02.534520+00:00
[2025-02-13T18:39:06.647+0000] {standard_task_runner.py:57} INFO - Started process 692 to run task
[2025-02-13T18:39:06.651+0000] {standard_task_runner.py:84} INFO - Running: ['***', 'tasks', 'run', 'download_dataset', 'transform_dataset', 'manual__2025-02-13T18:39:02.534520+00:00', '--job-id', '51', '--raw', '--subdir', 'DAGS_FOLDER/download_dataset_dag.py', '--cfg-path', '/tmp/tmpjb6838a2']
[2025-02-13T18:39:06.653+0000] {standard_task_runner.py:85} INFO - Job 51: Subtask transform_dataset
[2025-02-13T18:39:06.710+0000] {task_command.py:416} INFO - Running <TaskInstance: download_dataset.transform_dataset manual__2025-02-13T18:39:02.534520+00:00 [running]> on host f09fff4ef036
[2025-02-13T18:39:06.789+0000] {taskinstance.py:1662} INFO - Exporting env vars: AIRFLOW_CTX_DAG_OWNER='***' AIRFLOW_CTX_DAG_ID='download_dataset' AIRFLOW_CTX_TASK_ID='transform_dataset' AIRFLOW_CTX_EXECUTION_DATE='2025-02-13T18:39:02.534520+00:00' AIRFLOW_CTX_TRY_NUMBER='1' AIRFLOW_CTX_DAG_RUN_ID='manual__2025-02-13T18:39:02.534520+00:00'
[2025-02-13T18:39:06.792+0000] {process_utils.py:182} INFO - Executing cmd: /usr/local/bin/python -m virtualenv /tmp/venvrhsu0nln
[2025-02-13T18:39:06.802+0000] {process_utils.py:186} INFO - Output:
[2025-02-13T18:39:08.209+0000] {process_utils.py:190} INFO - created virtual environment CPython3.8.18.final.0-64 in 531ms
[2025-02-13T18:39:08.209+0000] {process_utils.py:190} INFO -   creator CPython3Posix(dest=/tmp/venvrhsu0nln, clear=False, no_vcs_ignore=False, global=False)
[2025-02-13T18:39:08.210+0000] {process_utils.py:190} INFO -   seeder FromAppData(download=False, pip=bundle, setuptools=bundle, wheel=bundle, via=copy, app_data_dir=/home/***/.local/share/virtualenv)
[2025-02-13T18:39:08.211+0000] {process_utils.py:190} INFO -     added seed packages: pip==23.2.1, setuptools==68.2.0, wheel==0.41.2
[2025-02-13T18:39:08.211+0000] {process_utils.py:190} INFO -   activators BashActivator,CShellActivator,FishActivator,NushellActivator,PowerShellActivator,PythonActivator
[2025-02-13T18:39:08.256+0000] {process_utils.py:182} INFO - Executing cmd: /tmp/venvrhsu0nln/bin/pip install -r /tmp/venvrhsu0nln/requirements.txt
[2025-02-13T18:39:08.268+0000] {process_utils.py:186} INFO - Output:
[2025-02-13T18:39:10.549+0000] {process_utils.py:190} INFO - Collecting pandas (from -r /tmp/venvrhsu0nln/requirements.txt (line 1))
[2025-02-13T18:39:10.549+0000] {process_utils.py:190} INFO -   Obtaining dependency information for pandas from https://files.pythonhosted.org/packages/f8/7f/5b047effafbdd34e52c9e2d7e44f729a0655efafb22198c45cf692cdc157/pandas-2.0.3-cp38-cp38-manylinux_2_17_x86_64.manylinux2014_x86_64.whl.metadata
[2025-02-13T18:39:10.570+0000] {process_utils.py:190} INFO -   Downloading pandas-2.0.3-cp38-cp38-manylinux_2_17_x86_64.manylinux2014_x86_64.whl.metadata (18 kB)
[2025-02-13T18:39:10.693+0000] {process_utils.py:190} INFO - Collecting python-dateutil>=2.8.2 (from pandas->-r /tmp/venvrhsu0nln/requirements.txt (line 1))
[2025-02-13T18:39:10.694+0000] {process_utils.py:190} INFO -   Obtaining dependency information for python-dateutil>=2.8.2 from https://files.pythonhosted.org/packages/ec/57/56b9bcc3c9c6a792fcbaf139543cee77261f3651ca9da0c93f5c1221264b/python_dateutil-2.9.0.post0-py2.py3-none-any.whl.metadata
[2025-02-13T18:39:10.701+0000] {process_utils.py:190} INFO -   Downloading python_dateutil-2.9.0.post0-py2.py3-none-any.whl.metadata (8.4 kB)
[2025-02-13T18:39:10.790+0000] {process_utils.py:190} INFO - Collecting pytz>=2020.1 (from pandas->-r /tmp/venvrhsu0nln/requirements.txt (line 1))
[2025-02-13T18:39:10.791+0000] {process_utils.py:190} INFO -   Obtaining dependency information for pytz>=2020.1 from https://files.pythonhosted.org/packages/eb/38/ac33370d784287baa1c3d538978b5e2ea064d4c1b93ffbd12826c190dd10/pytz-2025.1-py2.py3-none-any.whl.metadata
[2025-02-13T18:39:10.797+0000] {process_utils.py:190} INFO -   Downloading pytz-2025.1-py2.py3-none-any.whl.metadata (22 kB)
[2025-02-13T18:39:10.839+0000] {process_utils.py:190} INFO - Collecting tzdata>=2022.1 (from pandas->-r /tmp/venvrhsu0nln/requirements.txt (line 1))
[2025-02-13T18:39:10.840+0000] {process_utils.py:190} INFO -   Obtaining dependency information for tzdata>=2022.1 from https://files.pythonhosted.org/packages/0f/dd/84f10e23edd882c6f968c21c2434fe67bd4a528967067515feca9e611e5e/tzdata-2025.1-py2.py3-none-any.whl.metadata
[2025-02-13T18:39:10.845+0000] {process_utils.py:190} INFO -   Downloading tzdata-2025.1-py2.py3-none-any.whl.metadata (1.4 kB)
[2025-02-13T18:39:11.416+0000] {process_utils.py:190} INFO - Collecting numpy>=1.20.3 (from pandas->-r /tmp/venvrhsu0nln/requirements.txt (line 1))
[2025-02-13T18:39:11.419+0000] {process_utils.py:190} INFO -   Obtaining dependency information for numpy>=1.20.3 from https://files.pythonhosted.org/packages/98/5d/5738903efe0ecb73e51eb44feafba32bdba2081263d40c5043568ff60faf/numpy-1.24.4-cp38-cp38-manylinux_2_17_x86_64.manylinux2014_x86_64.whl.metadata
[2025-02-13T18:39:11.424+0000] {process_utils.py:190} INFO -   Downloading numpy-1.24.4-cp38-cp38-manylinux_2_17_x86_64.manylinux2014_x86_64.whl.metadata (5.6 kB)
[2025-02-13T18:39:11.457+0000] {process_utils.py:190} INFO - Collecting six>=1.5 (from python-dateutil>=2.8.2->pandas->-r /tmp/venvrhsu0nln/requirements.txt (line 1))
[2025-02-13T18:39:11.458+0000] {process_utils.py:190} INFO -   Obtaining dependency information for six>=1.5 from https://files.pythonhosted.org/packages/b7/ce/149a00dd41f10bc29e5921b496af8b574d8413afcd5e30dfa0ed46c2cc5e/six-1.17.0-py2.py3-none-any.whl.metadata
[2025-02-13T18:39:11.463+0000] {process_utils.py:190} INFO -   Downloading six-1.17.0-py2.py3-none-any.whl.metadata (1.7 kB)
[2025-02-13T18:39:11.480+0000] {process_utils.py:190} INFO - Downloading pandas-2.0.3-cp38-cp38-manylinux_2_17_x86_64.manylinux2014_x86_64.whl (12.4 MB)
[2025-02-13T18:39:11.671+0000] {process_utils.py:190} INFO -    ━━━━━━━━━━━━━━━━━━━━━━━━━━━━━━━━━━━━━━━━ 12.4/12.4 MB 60.8 MB/s eta 0:00:00
[2025-02-13T18:39:11.678+0000] {process_utils.py:190} INFO - Downloading numpy-1.24.4-cp38-cp38-manylinux_2_17_x86_64.manylinux2014_x86_64.whl (17.3 MB)
[2025-02-13T18:39:11.908+0000] {process_utils.py:190} INFO -    ━━━━━━━━━━━━━━━━━━━━━━━━━━━━━━━━━━━━━━━━ 17.3/17.3 MB 62.3 MB/s eta 0:00:00
[2025-02-13T18:39:11.915+0000] {process_utils.py:190} INFO - Downloading python_dateutil-2.9.0.post0-py2.py3-none-any.whl (229 kB)
[2025-02-13T18:39:11.923+0000] {process_utils.py:190} INFO -    ━━━━━━━━━━━━━━━━━━━━━━━━━━━━━━━━━━━━━━━━ 229.9/229.9 kB 37.5 MB/s eta 0:00:00
[2025-02-13T18:39:11.928+0000] {process_utils.py:190} INFO - Downloading pytz-2025.1-py2.py3-none-any.whl (507 kB)
[2025-02-13T18:39:11.938+0000] {process_utils.py:190} INFO -    ━━━━━━━━━━━━━━━━━━━━━━━━━━━━━━━━━━━━━━━━ 507.9/507.9 kB 58.7 MB/s eta 0:00:00
[2025-02-13T18:39:11.943+0000] {process_utils.py:190} INFO - Downloading tzdata-2025.1-py2.py3-none-any.whl (346 kB)
[2025-02-13T18:39:11.955+0000] {process_utils.py:190} INFO -    ━━━━━━━━━━━━━━━━━━━━━━━━━━━━━━━━━━━━━━━━ 346.8/346.8 kB 48.2 MB/s eta 0:00:00
[2025-02-13T18:39:11.959+0000] {process_utils.py:190} INFO - Downloading six-1.17.0-py2.py3-none-any.whl (11 kB)
[2025-02-13T18:39:12.290+0000] {process_utils.py:190} INFO - Installing collected packages: pytz, tzdata, six, numpy, python-dateutil, pandas
[2025-02-13T18:39:18.981+0000] {process_utils.py:190} INFO - Successfully installed numpy-1.24.4 pandas-2.0.3 python-dateutil-2.9.0.post0 pytz-2025.1 six-1.17.0 tzdata-2025.1
[2025-02-13T18:39:19.081+0000] {process_utils.py:190} INFO - 
[2025-02-13T18:39:19.081+0000] {process_utils.py:190} INFO - [notice] A new release of pip is available: 23.2.1 -> 25.0.1
[2025-02-13T18:39:19.082+0000] {process_utils.py:190} INFO - [notice] To update, run: python -m pip install --upgrade pip
[2025-02-13T18:39:19.225+0000] {process_utils.py:182} INFO - Executing cmd: /tmp/venvrhsu0nln/bin/python /tmp/venvrhsu0nln/script.py /tmp/venvrhsu0nln/script.in /tmp/venvrhsu0nln/script.out /tmp/venvrhsu0nln/string_args.txt /tmp/venvrhsu0nln/termination.log
[2025-02-13T18:39:19.235+0000] {process_utils.py:186} INFO - Output:
[2025-02-13T18:39:20.216+0000] {python.py:194} INFO - Done. Returned value was: None
[2025-02-13T18:39:20.229+0000] {taskinstance.py:1400} INFO - Marking task as SUCCESS. dag_id=download_dataset, task_id=transform_dataset, execution_date=20250213T183902, start_date=20250213T183906, end_date=20250213T183920
[2025-02-13T18:39:20.252+0000] {local_task_job_runner.py:228} INFO - Task exited with return code 0
[2025-02-13T18:39:20.272+0000] {taskinstance.py:2778} INFO - 1 downstream tasks scheduled from follow-on schedule check
