[2025-02-13T19:43:04.140+0000] {taskinstance.py:1159} INFO - Dependencies all met for dep_context=non-requeueable deps ti=<TaskInstance: download_dataset.convert_to_parquet manual__2025-02-13T19:42:47.384317+00:00 [queued]>
[2025-02-13T19:43:04.151+0000] {taskinstance.py:1159} INFO - Dependencies all met for dep_context=requeueable deps ti=<TaskInstance: download_dataset.convert_to_parquet manual__2025-02-13T19:42:47.384317+00:00 [queued]>
[2025-02-13T19:43:04.151+0000] {taskinstance.py:1361} INFO - Starting attempt 1 of 2
[2025-02-13T19:43:04.163+0000] {taskinstance.py:1382} INFO - Executing <Task(PythonVirtualenvOperator): convert_to_parquet> on 2025-02-13 19:42:47.384317+00:00
[2025-02-13T19:43:04.168+0000] {standard_task_runner.py:57} INFO - Started process 1886 to run task
[2025-02-13T19:43:04.172+0000] {standard_task_runner.py:84} INFO - Running: ['***', 'tasks', 'run', 'download_dataset', 'convert_to_parquet', 'manual__2025-02-13T19:42:47.384317+00:00', '--job-id', '67', '--raw', '--subdir', 'DAGS_FOLDER/download_dataset_dag.py', '--cfg-path', '/tmp/tmpk6namf_d']
[2025-02-13T19:43:04.174+0000] {standard_task_runner.py:85} INFO - Job 67: Subtask convert_to_parquet
[2025-02-13T19:43:04.224+0000] {task_command.py:416} INFO - Running <TaskInstance: download_dataset.convert_to_parquet manual__2025-02-13T19:42:47.384317+00:00 [running]> on host f09fff4ef036
[2025-02-13T19:43:04.304+0000] {taskinstance.py:1662} INFO - Exporting env vars: AIRFLOW_CTX_DAG_OWNER='***' AIRFLOW_CTX_DAG_ID='download_dataset' AIRFLOW_CTX_TASK_ID='convert_to_parquet' AIRFLOW_CTX_EXECUTION_DATE='2025-02-13T19:42:47.384317+00:00' AIRFLOW_CTX_TRY_NUMBER='1' AIRFLOW_CTX_DAG_RUN_ID='manual__2025-02-13T19:42:47.384317+00:00'
[2025-02-13T19:43:04.306+0000] {process_utils.py:182} INFO - Executing cmd: /usr/local/bin/python -m virtualenv /tmp/venvt4gdwr4p
[2025-02-13T19:43:04.316+0000] {process_utils.py:186} INFO - Output:
[2025-02-13T19:43:05.486+0000] {process_utils.py:190} INFO - created virtual environment CPython3.8.18.final.0-64 in 305ms
[2025-02-13T19:43:05.487+0000] {process_utils.py:190} INFO -   creator CPython3Posix(dest=/tmp/venvt4gdwr4p, clear=False, no_vcs_ignore=False, global=False)
[2025-02-13T19:43:05.487+0000] {process_utils.py:190} INFO -   seeder FromAppData(download=False, pip=bundle, setuptools=bundle, wheel=bundle, via=copy, app_data_dir=/home/***/.local/share/virtualenv)
[2025-02-13T19:43:05.487+0000] {process_utils.py:190} INFO -     added seed packages: pip==24.3.1, setuptools==75.3.0, wheel==0.45.1
[2025-02-13T19:43:05.487+0000] {process_utils.py:190} INFO -   activators BashActivator,CShellActivator,FishActivator,NushellActivator,PowerShellActivator,PythonActivator
[2025-02-13T19:43:05.529+0000] {process_utils.py:182} INFO - Executing cmd: /tmp/venvt4gdwr4p/bin/pip install -r /tmp/venvt4gdwr4p/requirements.txt
[2025-02-13T19:43:05.538+0000] {process_utils.py:186} INFO - Output:
[2025-02-13T19:43:07.094+0000] {process_utils.py:190} INFO - Collecting pandas (from -r /tmp/venvt4gdwr4p/requirements.txt (line 1))
[2025-02-13T19:43:07.096+0000] {process_utils.py:190} INFO -   Using cached pandas-2.0.3-cp38-cp38-manylinux_2_17_x86_64.manylinux2014_x86_64.whl.metadata (18 kB)
[2025-02-13T19:43:07.264+0000] {process_utils.py:190} INFO - Collecting pyarrow (from -r /tmp/venvt4gdwr4p/requirements.txt (line 2))
[2025-02-13T19:43:07.278+0000] {process_utils.py:190} INFO -   Downloading pyarrow-17.0.0-cp38-cp38-manylinux_2_28_x86_64.whl.metadata (3.3 kB)
[2025-02-13T19:43:07.310+0000] {process_utils.py:190} INFO - Collecting python-dateutil>=2.8.2 (from pandas->-r /tmp/venvt4gdwr4p/requirements.txt (line 1))
[2025-02-13T19:43:07.313+0000] {process_utils.py:190} INFO -   Using cached python_dateutil-2.9.0.post0-py2.py3-none-any.whl.metadata (8.4 kB)
[2025-02-13T19:43:07.381+0000] {process_utils.py:190} INFO - Collecting pytz>=2020.1 (from pandas->-r /tmp/venvt4gdwr4p/requirements.txt (line 1))
[2025-02-13T19:43:07.383+0000] {process_utils.py:190} INFO -   Using cached pytz-2025.1-py2.py3-none-any.whl.metadata (22 kB)
[2025-02-13T19:43:07.404+0000] {process_utils.py:190} INFO - Collecting tzdata>=2022.1 (from pandas->-r /tmp/venvt4gdwr4p/requirements.txt (line 1))
[2025-02-13T19:43:07.408+0000] {process_utils.py:190} INFO -   Using cached tzdata-2025.1-py2.py3-none-any.whl.metadata (1.4 kB)
[2025-02-13T19:43:07.692+0000] {process_utils.py:190} INFO - Collecting numpy>=1.20.3 (from pandas->-r /tmp/venvt4gdwr4p/requirements.txt (line 1))
[2025-02-13T19:43:07.695+0000] {process_utils.py:190} INFO -   Using cached numpy-1.24.4-cp38-cp38-manylinux_2_17_x86_64.manylinux2014_x86_64.whl.metadata (5.6 kB)
[2025-02-13T19:43:07.730+0000] {process_utils.py:190} INFO - Collecting six>=1.5 (from python-dateutil>=2.8.2->pandas->-r /tmp/venvt4gdwr4p/requirements.txt (line 1))
[2025-02-13T19:43:07.733+0000] {process_utils.py:190} INFO -   Using cached six-1.17.0-py2.py3-none-any.whl.metadata (1.7 kB)
[2025-02-13T19:43:07.740+0000] {process_utils.py:190} INFO - Using cached pandas-2.0.3-cp38-cp38-manylinux_2_17_x86_64.manylinux2014_x86_64.whl (12.4 MB)
[2025-02-13T19:43:07.753+0000] {process_utils.py:190} INFO - Downloading pyarrow-17.0.0-cp38-cp38-manylinux_2_28_x86_64.whl (40.0 MB)
[2025-02-13T19:43:08.271+0000] {process_utils.py:190} INFO -    ━━━━━━━━━━━━━━━━━━━━━━━━━━━━━━━━━━━━━━━━ 40.0/40.0 MB 78.0 MB/s eta 0:00:00
[2025-02-13T19:43:08.273+0000] {process_utils.py:190} INFO - Using cached numpy-1.24.4-cp38-cp38-manylinux_2_17_x86_64.manylinux2014_x86_64.whl (17.3 MB)
[2025-02-13T19:43:08.288+0000] {process_utils.py:190} INFO - Using cached python_dateutil-2.9.0.post0-py2.py3-none-any.whl (229 kB)
[2025-02-13T19:43:08.291+0000] {process_utils.py:190} INFO - Using cached pytz-2025.1-py2.py3-none-any.whl (507 kB)
[2025-02-13T19:43:08.293+0000] {process_utils.py:190} INFO - Using cached tzdata-2025.1-py2.py3-none-any.whl (346 kB)
[2025-02-13T19:43:08.295+0000] {process_utils.py:190} INFO - Using cached six-1.17.0-py2.py3-none-any.whl (11 kB)
[2025-02-13T19:43:08.725+0000] {process_utils.py:190} INFO - Installing collected packages: pytz, tzdata, six, numpy, python-dateutil, pyarrow, pandas
[2025-02-13T19:43:16.714+0000] {process_utils.py:190} INFO - Successfully installed numpy-1.24.4 pandas-2.0.3 pyarrow-17.0.0 python-dateutil-2.9.0.post0 pytz-2025.1 six-1.17.0 tzdata-2025.1
[2025-02-13T19:43:16.803+0000] {process_utils.py:190} INFO - 
[2025-02-13T19:43:16.803+0000] {process_utils.py:190} INFO - [notice] A new release of pip is available: 24.3.1 -> 25.0.1
[2025-02-13T19:43:16.803+0000] {process_utils.py:190} INFO - [notice] To update, run: python -m pip install --upgrade pip
[2025-02-13T19:43:16.979+0000] {process_utils.py:182} INFO - Executing cmd: /tmp/venvt4gdwr4p/bin/python /tmp/venvt4gdwr4p/script.py /tmp/venvt4gdwr4p/script.in /tmp/venvt4gdwr4p/script.out /tmp/venvt4gdwr4p/string_args.txt /tmp/venvt4gdwr4p/termination.log
[2025-02-13T19:43:16.989+0000] {process_utils.py:186} INFO - Output:
[2025-02-13T19:43:18.140+0000] {python.py:194} INFO - Done. Returned value was: None
[2025-02-13T19:43:18.153+0000] {taskinstance.py:1400} INFO - Marking task as SUCCESS. dag_id=download_dataset, task_id=convert_to_parquet, execution_date=20250213T194247, start_date=20250213T194304, end_date=20250213T194318
[2025-02-13T19:43:18.185+0000] {local_task_job_runner.py:228} INFO - Task exited with return code 0
[2025-02-13T19:43:18.206+0000] {taskinstance.py:2778} INFO - 1 downstream tasks scheduled from follow-on schedule check
