[2025-02-13T23:09:27.341+0000] {taskinstance.py:1159} INFO - Dependencies all met for dep_context=non-requeueable deps ti=<TaskInstance: download_dataset.commit_push_dvc manual__2025-02-13T23:08:54.186487+00:00 [queued]>
[2025-02-13T23:09:27.351+0000] {taskinstance.py:1159} INFO - Dependencies all met for dep_context=requeueable deps ti=<TaskInstance: download_dataset.commit_push_dvc manual__2025-02-13T23:08:54.186487+00:00 [queued]>
[2025-02-13T23:09:27.351+0000] {taskinstance.py:1361} INFO - Starting attempt 1 of 2
[2025-02-13T23:09:27.364+0000] {taskinstance.py:1382} INFO - Executing <Task(BashOperator): commit_push_dvc> on 2025-02-13 23:08:54.186487+00:00
[2025-02-13T23:09:27.369+0000] {standard_task_runner.py:57} INFO - Started process 808 to run task
[2025-02-13T23:09:27.373+0000] {standard_task_runner.py:84} INFO - Running: ['***', 'tasks', 'run', 'download_dataset', 'commit_push_dvc', 'manual__2025-02-13T23:08:54.186487+00:00', '--job-id', '93', '--raw', '--subdir', 'DAGS_FOLDER/download_dataset_dag.py', '--cfg-path', '/tmp/tmp6fzh5sll']
[2025-02-13T23:09:27.374+0000] {standard_task_runner.py:85} INFO - Job 93: Subtask commit_push_dvc
[2025-02-13T23:09:27.422+0000] {task_command.py:416} INFO - Running <TaskInstance: download_dataset.commit_push_dvc manual__2025-02-13T23:08:54.186487+00:00 [running]> on host 4f1c81a800b8
[2025-02-13T23:09:27.506+0000] {taskinstance.py:1662} INFO - Exporting env vars: AIRFLOW_CTX_DAG_OWNER='***' AIRFLOW_CTX_DAG_ID='download_dataset' AIRFLOW_CTX_TASK_ID='commit_push_dvc' AIRFLOW_CTX_EXECUTION_DATE='2025-02-13T23:08:54.186487+00:00' AIRFLOW_CTX_TRY_NUMBER='1' AIRFLOW_CTX_DAG_RUN_ID='manual__2025-02-13T23:08:54.186487+00:00'
[2025-02-13T23:09:27.507+0000] {subprocess.py:63} INFO - Tmp dir root location: /tmp
[2025-02-13T23:09:27.508+0000] {subprocess.py:75} INFO - Running command: ['/bin/bash', '-c', '\n    cd /opt/***/$DATA_REPO_NAME\n\n    # Ensure DVC is initialized\n    if [ ! -d .dvc ]; then\n        dvc init\n    fi\n\n    # Ensure DVC remote is set only if it doesn\'t exist\n    if ! dvc remote list | grep -q "origin"; then\n        dvc remote add -d origin $S3_URL\n    fi\n\n    # Configure Git User\n    git config --global user.email "bencappello@gmail.com"\n    git config --global user.name "Ben Cappello"\n\n    # Add files to DVC tracking\n    dvc add Telco-Customer-Churn-Transformed.csv\n    dvc add Telco-Customer-Churn-Transformed.parquet\n\n    # Ensure Git tracks DVC metadata files\n    git add .gitignore\n    if [ -f Telco-Customer-Churn-Transformed.csv.dvc ]; then git add Telco-Customer-Churn-Transformed.csv.dvc; fi\n    if [ -f Telco-Customer-Churn-Transformed.parquet.dvc ]; then git add Telco-Customer-Churn-Transformed.parquet.dvc; fi\n    if [ -f dvc.yaml ]; then git add dvc.yaml; fi\n    if [ -f dvc.lock ]; then git add dvc.lock; fi\n\n    # Commit changes to Git\n    git commit -m "Add transformed dataset and Parquet file" || echo "No changes to commit"\n\n    # Ensure correct Git branch and push\n    git branch -M main\n    git push origin main\n\n    # Push dataset files to DVC remote storage (S3)\n    dvc push\n    ']
[2025-02-13T23:09:27.519+0000] {subprocess.py:86} INFO - Output:
[2025-02-13T23:09:29.567+0000] {subprocess.py:93} INFO - 
[2025-02-13T23:09:29.568+0000] {subprocess.py:93} INFO - To track the changes with git, run:
[2025-02-13T23:09:29.568+0000] {subprocess.py:93} INFO - 
[2025-02-13T23:09:29.568+0000] {subprocess.py:93} INFO - 	git add Telco-Customer-Churn-Transformed.csv.dvc
[2025-02-13T23:09:29.568+0000] {subprocess.py:93} INFO - 
[2025-02-13T23:09:29.568+0000] {subprocess.py:93} INFO - To enable auto staging, run:
[2025-02-13T23:09:29.568+0000] {subprocess.py:93} INFO - 
[2025-02-13T23:09:29.568+0000] {subprocess.py:93} INFO - 	dvc config core.autostage true
[2025-02-13T23:09:30.843+0000] {subprocess.py:93} INFO - 
[2025-02-13T23:09:30.844+0000] {subprocess.py:93} INFO - To track the changes with git, run:
[2025-02-13T23:09:30.844+0000] {subprocess.py:93} INFO - 
[2025-02-13T23:09:30.844+0000] {subprocess.py:93} INFO - 	git add Telco-Customer-Churn-Transformed.parquet.dvc
[2025-02-13T23:09:30.845+0000] {subprocess.py:93} INFO - 
[2025-02-13T23:09:30.845+0000] {subprocess.py:93} INFO - To enable auto staging, run:
[2025-02-13T23:09:30.845+0000] {subprocess.py:93} INFO - 
[2025-02-13T23:09:30.845+0000] {subprocess.py:93} INFO - 	dvc config core.autostage true
[2025-02-13T23:09:31.044+0000] {subprocess.py:93} INFO - On branch main
[2025-02-13T23:09:31.045+0000] {subprocess.py:93} INFO - Your branch is up to date with 'origin/main'.
[2025-02-13T23:09:31.045+0000] {subprocess.py:93} INFO - 
[2025-02-13T23:09:31.046+0000] {subprocess.py:93} INFO - Changes not staged for commit:
[2025-02-13T23:09:31.046+0000] {subprocess.py:93} INFO -   (use "git add <file>..." to update what will be committed)
[2025-02-13T23:09:31.047+0000] {subprocess.py:93} INFO -   (use "git restore <file>..." to discard changes in working directory)
[2025-02-13T23:09:31.048+0000] {subprocess.py:93} INFO - 	modified:   .dvc/config
[2025-02-13T23:09:31.048+0000] {subprocess.py:93} INFO - 
[2025-02-13T23:09:31.048+0000] {subprocess.py:93} INFO - Untracked files:
[2025-02-13T23:09:31.048+0000] {subprocess.py:93} INFO -   (use "git add <file>..." to include in what will be committed)
[2025-02-13T23:09:31.048+0000] {subprocess.py:93} INFO - 	WA_Fn-UseC_-Telco-Customer-Churn.csv
[2025-02-13T23:09:31.050+0000] {subprocess.py:93} INFO - 
[2025-02-13T23:09:31.050+0000] {subprocess.py:93} INFO - no changes added to commit (use "git add" and/or "git commit -a")
[2025-02-13T23:09:31.050+0000] {subprocess.py:93} INFO - No changes to commit
[2025-02-13T23:09:31.074+0000] {subprocess.py:93} INFO - Warning: Permanently added the ECDSA host key for IP address '140.82.112.4' to the list of known hosts.
[2025-02-13T23:09:31.275+0000] {subprocess.py:93} INFO - Everything up-to-date
[2025-02-13T23:09:32.406+0000] {subprocess.py:93} INFO - ERROR: failed to transfer 'be3d06cfd99ee9da9b4f8cf6924f36dd' - 405, message='Method Not Allowed', url=URL('https://ben-data-management-assignment.s3.us-east-1.amazonaws.com/files/md5/be/3d06cfd99ee9da9b4f8cf6924f36dd')
[2025-02-13T23:09:32.427+0000] {subprocess.py:93} INFO - ERROR: failed to transfer 'd56a0b0da59eeb97a339fb4e9c006230' - 405, message='Method Not Allowed', url=URL('https://ben-data-management-assignment.s3.us-east-1.amazonaws.com/files/md5/d5/6a0b0da59eeb97a339fb4e9c006230')
[2025-02-13T23:09:32.430+0000] {subprocess.py:93} INFO - ERROR: failed to push data to the cloud - 2 files failed to upload
[2025-02-13T23:09:32.601+0000] {subprocess.py:97} INFO - Command exited with return code 1
[2025-02-13T23:09:32.614+0000] {taskinstance.py:1937} ERROR - Task failed with exception
Traceback (most recent call last):
  File "/home/airflow/.local/lib/python3.8/site-packages/airflow/operators/bash.py", line 210, in execute
    raise AirflowException(
airflow.exceptions.AirflowException: Bash command failed. The command returned a non-zero exit code 1.
[2025-02-13T23:09:32.617+0000] {taskinstance.py:1400} INFO - Marking task as UP_FOR_RETRY. dag_id=download_dataset, task_id=commit_push_dvc, execution_date=20250213T230854, start_date=20250213T230927, end_date=20250213T230932
[2025-02-13T23:09:32.632+0000] {standard_task_runner.py:104} ERROR - Failed to execute job 93 for task commit_push_dvc (Bash command failed. The command returned a non-zero exit code 1.; 808)
[2025-02-13T23:09:32.654+0000] {local_task_job_runner.py:228} INFO - Task exited with return code 1
[2025-02-13T23:09:32.668+0000] {taskinstance.py:2778} INFO - 0 downstream tasks scheduled from follow-on schedule check
