[2025-02-13T22:20:53.910+0000] {taskinstance.py:1159} INFO - Dependencies all met for dep_context=non-requeueable deps ti=<TaskInstance: download_dataset.transform_dataset manual__2025-02-13T22:20:49.729976+00:00 [queued]>
[2025-02-13T22:20:53.920+0000] {taskinstance.py:1159} INFO - Dependencies all met for dep_context=requeueable deps ti=<TaskInstance: download_dataset.transform_dataset manual__2025-02-13T22:20:49.729976+00:00 [queued]>
[2025-02-13T22:20:53.921+0000] {taskinstance.py:1361} INFO - Starting attempt 1 of 2
[2025-02-13T22:20:53.932+0000] {taskinstance.py:1382} INFO - Executing <Task(PythonVirtualenvOperator): transform_dataset> on 2025-02-13 22:20:49.729976+00:00
[2025-02-13T22:20:53.937+0000] {standard_task_runner.py:57} INFO - Started process 561 to run task
[2025-02-13T22:20:53.941+0000] {standard_task_runner.py:84} INFO - Running: ['***', 'tasks', 'run', 'download_dataset', 'transform_dataset', 'manual__2025-02-13T22:20:49.729976+00:00', '--job-id', '75', '--raw', '--subdir', 'DAGS_FOLDER/download_dataset_dag.py', '--cfg-path', '/tmp/tmpz2s87hs8']
[2025-02-13T22:20:53.943+0000] {standard_task_runner.py:85} INFO - Job 75: Subtask transform_dataset
[2025-02-13T22:20:53.993+0000] {task_command.py:416} INFO - Running <TaskInstance: download_dataset.transform_dataset manual__2025-02-13T22:20:49.729976+00:00 [running]> on host f09fff4ef036
[2025-02-13T22:20:54.070+0000] {taskinstance.py:1662} INFO - Exporting env vars: AIRFLOW_CTX_DAG_OWNER='***' AIRFLOW_CTX_DAG_ID='download_dataset' AIRFLOW_CTX_TASK_ID='transform_dataset' AIRFLOW_CTX_EXECUTION_DATE='2025-02-13T22:20:49.729976+00:00' AIRFLOW_CTX_TRY_NUMBER='1' AIRFLOW_CTX_DAG_RUN_ID='manual__2025-02-13T22:20:49.729976+00:00'
[2025-02-13T22:20:54.072+0000] {process_utils.py:182} INFO - Executing cmd: /usr/local/bin/python -m virtualenv /tmp/venvrug3bxlg
[2025-02-13T22:20:54.082+0000] {process_utils.py:186} INFO - Output:
[2025-02-13T22:20:55.241+0000] {process_utils.py:190} INFO - created virtual environment CPython3.8.18.final.0-64 in 316ms
[2025-02-13T22:20:55.242+0000] {process_utils.py:190} INFO -   creator CPython3Posix(dest=/tmp/venvrug3bxlg, clear=False, no_vcs_ignore=False, global=False)
[2025-02-13T22:20:55.242+0000] {process_utils.py:190} INFO -   seeder FromAppData(download=False, pip=bundle, setuptools=bundle, wheel=bundle, via=copy, app_data_dir=/home/***/.local/share/virtualenv)
[2025-02-13T22:20:55.243+0000] {process_utils.py:190} INFO -     added seed packages: pip==24.3.1, setuptools==75.3.0, wheel==0.45.1
[2025-02-13T22:20:55.243+0000] {process_utils.py:190} INFO -   activators BashActivator,CShellActivator,FishActivator,NushellActivator,PowerShellActivator,PythonActivator
[2025-02-13T22:20:55.282+0000] {process_utils.py:182} INFO - Executing cmd: /tmp/venvrug3bxlg/bin/pip install -r /tmp/venvrug3bxlg/requirements.txt
[2025-02-13T22:20:55.292+0000] {process_utils.py:186} INFO - Output:
[2025-02-13T22:20:56.822+0000] {process_utils.py:190} INFO - Collecting pandas (from -r /tmp/venvrug3bxlg/requirements.txt (line 1))
[2025-02-13T22:20:56.825+0000] {process_utils.py:190} INFO -   Using cached pandas-2.0.3-cp38-cp38-manylinux_2_17_x86_64.manylinux2014_x86_64.whl.metadata (18 kB)
[2025-02-13T22:20:56.885+0000] {process_utils.py:190} INFO - Collecting python-dateutil>=2.8.2 (from pandas->-r /tmp/venvrug3bxlg/requirements.txt (line 1))
[2025-02-13T22:20:56.887+0000] {process_utils.py:190} INFO -   Using cached python_dateutil-2.9.0.post0-py2.py3-none-any.whl.metadata (8.4 kB)
[2025-02-13T22:20:56.955+0000] {process_utils.py:190} INFO - Collecting pytz>=2020.1 (from pandas->-r /tmp/venvrug3bxlg/requirements.txt (line 1))
[2025-02-13T22:20:56.957+0000] {process_utils.py:190} INFO -   Using cached pytz-2025.1-py2.py3-none-any.whl.metadata (22 kB)
[2025-02-13T22:20:56.981+0000] {process_utils.py:190} INFO - Collecting tzdata>=2022.1 (from pandas->-r /tmp/venvrug3bxlg/requirements.txt (line 1))
[2025-02-13T22:20:56.986+0000] {process_utils.py:190} INFO -   Using cached tzdata-2025.1-py2.py3-none-any.whl.metadata (1.4 kB)
[2025-02-13T22:20:57.271+0000] {process_utils.py:190} INFO - Collecting numpy>=1.20.3 (from pandas->-r /tmp/venvrug3bxlg/requirements.txt (line 1))
[2025-02-13T22:20:57.272+0000] {process_utils.py:190} INFO -   Using cached numpy-1.24.4-cp38-cp38-manylinux_2_17_x86_64.manylinux2014_x86_64.whl.metadata (5.6 kB)
[2025-02-13T22:20:57.295+0000] {process_utils.py:190} INFO - Collecting six>=1.5 (from python-dateutil>=2.8.2->pandas->-r /tmp/venvrug3bxlg/requirements.txt (line 1))
[2025-02-13T22:20:57.297+0000] {process_utils.py:190} INFO -   Using cached six-1.17.0-py2.py3-none-any.whl.metadata (1.7 kB)
[2025-02-13T22:20:57.302+0000] {process_utils.py:190} INFO - Using cached pandas-2.0.3-cp38-cp38-manylinux_2_17_x86_64.manylinux2014_x86_64.whl (12.4 MB)
[2025-02-13T22:20:57.314+0000] {process_utils.py:190} INFO - Using cached numpy-1.24.4-cp38-cp38-manylinux_2_17_x86_64.manylinux2014_x86_64.whl (17.3 MB)
[2025-02-13T22:20:57.330+0000] {process_utils.py:190} INFO - Using cached python_dateutil-2.9.0.post0-py2.py3-none-any.whl (229 kB)
[2025-02-13T22:20:57.332+0000] {process_utils.py:190} INFO - Using cached pytz-2025.1-py2.py3-none-any.whl (507 kB)
[2025-02-13T22:20:57.334+0000] {process_utils.py:190} INFO - Using cached tzdata-2025.1-py2.py3-none-any.whl (346 kB)
[2025-02-13T22:20:57.336+0000] {process_utils.py:190} INFO - Using cached six-1.17.0-py2.py3-none-any.whl (11 kB)
[2025-02-13T22:20:57.570+0000] {process_utils.py:190} INFO - Installing collected packages: pytz, tzdata, six, numpy, python-dateutil, pandas
[2025-02-13T22:21:04.065+0000] {process_utils.py:190} INFO - Successfully installed numpy-1.24.4 pandas-2.0.3 python-dateutil-2.9.0.post0 pytz-2025.1 six-1.17.0 tzdata-2025.1
[2025-02-13T22:21:04.159+0000] {process_utils.py:190} INFO - 
[2025-02-13T22:21:04.160+0000] {process_utils.py:190} INFO - [notice] A new release of pip is available: 24.3.1 -> 25.0.1
[2025-02-13T22:21:04.160+0000] {process_utils.py:190} INFO - [notice] To update, run: python -m pip install --upgrade pip
[2025-02-13T22:21:04.280+0000] {process_utils.py:182} INFO - Executing cmd: /tmp/venvrug3bxlg/bin/python /tmp/venvrug3bxlg/script.py /tmp/venvrug3bxlg/script.in /tmp/venvrug3bxlg/script.out /tmp/venvrug3bxlg/string_args.txt /tmp/venvrug3bxlg/termination.log
[2025-02-13T22:21:04.289+0000] {process_utils.py:186} INFO - Output:
[2025-02-13T22:21:05.253+0000] {python.py:194} INFO - Done. Returned value was: None
[2025-02-13T22:21:05.266+0000] {taskinstance.py:1400} INFO - Marking task as SUCCESS. dag_id=download_dataset, task_id=transform_dataset, execution_date=20250213T222049, start_date=20250213T222053, end_date=20250213T222105
[2025-02-13T22:21:05.314+0000] {local_task_job_runner.py:228} INFO - Task exited with return code 0
[2025-02-13T22:21:05.337+0000] {taskinstance.py:2778} INFO - 1 downstream tasks scheduled from follow-on schedule check
